2024-05-27 14:36:39,564 ERROR main                             - Failed to create the component reference:com.alipay.sofa.rpc.samples.annotation.AnnotationService:#-1598727478
com.alipay.sofa.runtime.api.ServiceRuntimeException: RPC-02103: 订阅元数据失败 
	at com.alipay.sofa.rpc.boot.runtime.adapter.RpcBindingAdapter.inBinding(RpcBindingAdapter.java:176)
	at com.alipay.sofa.rpc.boot.runtime.adapter.RpcBindingAdapter.inBinding(RpcBindingAdapter.java:42)
	at com.alipay.sofa.runtime.service.component.ReferenceComponent.createProxy(ReferenceComponent.java:233)
	at com.alipay.sofa.runtime.service.component.ReferenceComponent.activate(ReferenceComponent.java:159)
	at com.alipay.sofa.runtime.component.impl.ComponentManagerImpl.doRegister(ComponentManagerImpl.java:160)
	at com.alipay.sofa.runtime.component.impl.ComponentManagerImpl.registerAndGet(ComponentManagerImpl.java:120)
	at com.alipay.sofa.runtime.service.helper.ReferenceRegisterHelper.registerReference(ReferenceRegisterHelper.java:59)
	at com.alipay.sofa.runtime.spring.ReferenceAnnotationBeanPostProcessor.createReferenceProxy(ReferenceAnnotationBeanPostProcessor.java:173)
	at com.alipay.sofa.runtime.spring.ReferenceAnnotationBeanPostProcessor.access$100(ReferenceAnnotationBeanPostProcessor.java:53)
	at com.alipay.sofa.runtime.spring.ReferenceAnnotationBeanPostProcessor$1.doWith(ReferenceAnnotationBeanPostProcessor.java:108)
	at org.springframework.util.ReflectionUtils.doWithFields(ReflectionUtils.java:750)
	at com.alipay.sofa.runtime.spring.ReferenceAnnotationBeanPostProcessor.processSofaReference(ReferenceAnnotationBeanPostProcessor.java:90)
	at com.alipay.sofa.runtime.spring.ReferenceAnnotationBeanPostProcessor.postProcessBeforeInitialization(ReferenceAnnotationBeanPostProcessor.java:83)
	at org.springframework.beans.factory.support.AbstractAutowireCapableBeanFactory.applyBeanPostProcessorsBeforeInitialization(AbstractAutowireCapableBeanFactory.java:419)
	at org.springframework.beans.factory.support.AbstractAutowireCapableBeanFactory.initializeBean(AbstractAutowireCapableBeanFactory.java:1737)
	at org.springframework.beans.factory.support.AbstractAutowireCapableBeanFactory.doCreateBean(AbstractAutowireCapableBeanFactory.java:576)
	at org.springframework.beans.factory.support.AbstractAutowireCapableBeanFactory.createBean(AbstractAutowireCapableBeanFactory.java:498)
	at org.springframework.beans.factory.support.AbstractBeanFactory.lambda$doGetBean$0(AbstractBeanFactory.java:320)
	at org.springframework.beans.factory.support.DefaultSingletonBeanRegistry.getSingleton(DefaultSingletonBeanRegistry.java:222)
	at org.springframework.beans.factory.support.AbstractBeanFactory.doGetBean(AbstractBeanFactory.java:318)
	at org.springframework.beans.factory.support.AbstractBeanFactory.getBean(AbstractBeanFactory.java:199)
	at org.springframework.beans.factory.support.DefaultListableBeanFactory.preInstantiateSingletons(DefaultListableBeanFactory.java:846)
	at org.springframework.context.support.AbstractApplicationContext.finishBeanFactoryInitialization(AbstractApplicationContext.java:863)
	at org.springframework.context.support.AbstractApplicationContext.refresh(AbstractApplicationContext.java:546)
	at org.springframework.boot.web.servlet.context.ServletWebServerApplicationContext.refresh(ServletWebServerApplicationContext.java:140)
	at org.springframework.boot.SpringApplication.refresh(SpringApplication.java:775)
	at org.springframework.boot.SpringApplication.refreshContext(SpringApplication.java:397)
	at org.springframework.boot.SpringApplication.run(SpringApplication.java:316)
	at com.alipay.sofa.rpc.samples.annotation.AnotationClientApplication.main(AnotationClientApplication.java:33)
Caused by: com.alipay.sofa.rpc.core.exception.SofaRpcRuntimeException: 
	at com.alipay.sofa.rpc.proxy.javassist.JavassistProxy.getProxy(JavassistProxy.java:130)
	at com.alipay.sofa.rpc.proxy.ProxyFactory.buildProxy(ProxyFactory.java:51)
	at com.alipay.sofa.rpc.bootstrap.DefaultConsumerBootstrap.refer(DefaultConsumerBootstrap.java:159)
	at com.alipay.sofa.rpc.config.ConsumerConfig.refer(ConsumerConfig.java:925)
	at com.alipay.sofa.rpc.boot.runtime.adapter.RpcBindingAdapter.inBinding(RpcBindingAdapter.java:172)
	... 28 common frames omitted
Caused by: java.lang.reflect.InaccessibleObjectException: Unable to make protected final java.lang.Class java.lang.ClassLoader.defineClass(java.lang.String,byte[],int,int) throws java.lang.ClassFormatError accessible: module java.base does not "opens java.lang" to unnamed module @5bf0d49
	at java.base/java.lang.reflect.AccessibleObject.checkCanSetAccessible(AccessibleObject.java:354)
	at java.base/java.lang.reflect.AccessibleObject.checkCanSetAccessible(AccessibleObject.java:297)
	at java.base/java.lang.reflect.Method.checkCanSetAccessible(Method.java:199)
	at java.base/java.lang.reflect.Method.setAccessible(Method.java:193)
	at javassist.ClassPool.toClass2(ClassPool.java:1131)
	at javassist.ClassPool.toClass(ClassPool.java:1114)
	at javassist.ClassPool.toClass(ClassPool.java:1063)
	at javassist.ClassPool.toClass(ClassPool.java:1021)
	at javassist.CtClass.toClass(CtClass.java:1259)
	at com.alipay.sofa.rpc.proxy.javassist.JavassistProxy.getProxy(JavassistProxy.java:119)
	... 32 common frames omitted
2024-05-27 23:11:35,628 ERROR main                             - SOFA-BOOT-01-03004: Failed to resolve and active component [reference:com.alipay.sofa.rpc.samples.annotation.AnnotationService:annotationServiceImpl#1393173155]
com.alipay.sofa.runtime.api.ServiceRuntimeException: RPC-010010009: 订阅元数据失败 
	at com.alipay.sofa.rpc.boot.runtime.adapter.RpcBindingAdapter.inBinding(RpcBindingAdapter.java:212)
	at com.alipay.sofa.rpc.boot.runtime.adapter.RpcBindingAdapter.inBinding(RpcBindingAdapter.java:47)
	at com.alipay.sofa.runtime.service.component.ReferenceComponent.createProxy(ReferenceComponent.java:245)
	at com.alipay.sofa.runtime.service.component.ReferenceComponent.activate(ReferenceComponent.java:176)
	at com.alipay.sofa.runtime.component.impl.ComponentManagerImpl.doRegister(ComponentManagerImpl.java:187)
	at com.alipay.sofa.runtime.component.impl.ComponentManagerImpl.registerAndGet(ComponentManagerImpl.java:148)
	at com.alipay.sofa.runtime.service.helper.ReferenceRegisterHelper.registerReference(ReferenceRegisterHelper.java:77)
	at com.alipay.sofa.runtime.spring.ReferenceAnnotationBeanPostProcessor.createReferenceProxy(ReferenceAnnotationBeanPostProcessor.java:196)
	at com.alipay.sofa.runtime.spring.ReferenceAnnotationBeanPostProcessor.access$100(ReferenceAnnotationBeanPostProcessor.java:59)
	at com.alipay.sofa.runtime.spring.ReferenceAnnotationBeanPostProcessor$1.doWith(ReferenceAnnotationBeanPostProcessor.java:115)
	at org.springframework.util.ReflectionUtils.doWithFields(ReflectionUtils.java:706)
	at com.alipay.sofa.runtime.spring.ReferenceAnnotationBeanPostProcessor.processSofaReference(ReferenceAnnotationBeanPostProcessor.java:97)
	at com.alipay.sofa.runtime.spring.ReferenceAnnotationBeanPostProcessor.postProcessBeforeInitialization(ReferenceAnnotationBeanPostProcessor.java:90)
	at org.springframework.beans.factory.support.AbstractAutowireCapableBeanFactory.applyBeanPostProcessorsBeforeInitialization(AbstractAutowireCapableBeanFactory.java:440)
	at org.springframework.beans.factory.support.AbstractAutowireCapableBeanFactory.initializeBean(AbstractAutowireCapableBeanFactory.java:1796)
	at org.springframework.beans.factory.support.AbstractAutowireCapableBeanFactory.doCreateBean(AbstractAutowireCapableBeanFactory.java:620)
	at org.springframework.beans.factory.support.AbstractAutowireCapableBeanFactory.createBean(AbstractAutowireCapableBeanFactory.java:542)
	at org.springframework.beans.factory.support.AbstractBeanFactory.lambda$doGetBean$0(AbstractBeanFactory.java:335)
	at org.springframework.beans.factory.support.DefaultSingletonBeanRegistry.getSingleton(DefaultSingletonBeanRegistry.java:234)
	at org.springframework.beans.factory.support.AbstractBeanFactory.doGetBean(AbstractBeanFactory.java:333)
	at org.springframework.beans.factory.support.AbstractBeanFactory.getBean(AbstractBeanFactory.java:208)
	at org.springframework.beans.factory.support.DefaultListableBeanFactory.preInstantiateSingletons(DefaultListableBeanFactory.java:955)
	at org.springframework.context.support.AbstractApplicationContext.finishBeanFactoryInitialization(AbstractApplicationContext.java:929)
	at org.springframework.context.support.AbstractApplicationContext.refresh(AbstractApplicationContext.java:591)
	at org.springframework.boot.web.servlet.context.ServletWebServerApplicationContext.refresh(ServletWebServerApplicationContext.java:147)
	at org.springframework.boot.SpringApplication.refresh(SpringApplication.java:732)
	at org.springframework.boot.SpringApplication.refreshContext(SpringApplication.java:409)
	at org.springframework.boot.SpringApplication.run(SpringApplication.java:308)
	at com.alipay.sofa.rpc.samples.annotation.AnotationClientApplication.main(AnotationClientApplication.java:33)
Caused by: com.alipay.sofa.rpc.core.exception.SofaRpcRuntimeException: RPC-020010011: 初始化服务端 transport 异常! 
	at com.alipay.sofa.rpc.client.AbstractCluster.init(AbstractCluster.java:162)
	at com.alipay.sofa.rpc.bootstrap.DefaultConsumerBootstrap.refer(DefaultConsumerBootstrap.java:154)
	at com.alipay.sofa.rpc.config.ConsumerConfig.refer(ConsumerConfig.java:955)
	at com.alipay.sofa.rpc.boot.runtime.adapter.RpcBindingAdapter.inBinding(RpcBindingAdapter.java:208)
	... 28 common frames omitted
Caused by: java.lang.NoClassDefFoundError: org/apache/curator/retry/ExponentialBackoffRetry
	at com.alipay.sofa.rpc.registry.zk.ZookeeperRegistry.init(ZookeeperRegistry.java:221)
	at com.alipay.sofa.rpc.bootstrap.DefaultConsumerBootstrap.subscribeFromRegistries(DefaultConsumerBootstrap.java:338)
	at com.alipay.sofa.rpc.bootstrap.DefaultConsumerBootstrap.subscribe(DefaultConsumerBootstrap.java:271)
	at com.alipay.sofa.rpc.client.AbstractCluster.init(AbstractCluster.java:154)
	... 31 common frames omitted
Caused by: java.lang.ClassNotFoundException: org.apache.curator.retry.ExponentialBackoffRetry
	at java.net.URLClassLoader.findClass(URLClassLoader.java:387)
	at java.lang.ClassLoader.loadClass(ClassLoader.java:418)
	at sun.misc.Launcher$AppClassLoader.loadClass(Launcher.java:352)
	at java.lang.ClassLoader.loadClass(ClassLoader.java:351)
	... 35 common frames omitted
