2024-05-28 00:31:58,706 INFO  main                             - Found 1 HealthChecker implementation:sofaComponentHealthChecker
2024-05-28 00:31:58,707 INFO  main                             - Found 3 HealthIndicator implementation:sofaBootHealthIndicator,sofaComponentHealthIndicator,diskSpaceHealthIndicator
2024-05-28 00:31:58,708 INFO  main                             - Found 1 ReadinessCheckCallback implementation: rpcAfterHealthCheckCallback
2024-05-28 00:31:58,708 INFO  main                             - Begin SOFABoot HealthChecker readiness check.
2024-05-28 00:31:58,709 INFO  main                             - HealthChecker[sofaComponentHealthChecker] readiness check success with 0 retry.
2024-05-28 00:31:58,709 INFO  main                             - SOFABoot HealthChecker readiness check result: success.
2024-05-28 00:31:58,710 INFO  main                             - Begin SOFABoot HealthIndicator readiness check.
2024-05-28 00:31:58,713 INFO  main                             - HealthIndicator[diskSpaceHealthIndicator] readiness check success.
2024-05-28 00:31:58,713 INFO  main                             - SOFABoot HealthIndicator readiness check result: success.
2024-05-28 00:31:58,713 INFO  main                             - Begin ReadinessCheckCallback readiness check
2024-05-28 00:32:04,355 INFO  main                             - SOFABoot ReadinessCheckCallback[rpcAfterHealthCheckCallback] check success.
2024-05-28 00:32:04,355 INFO  main                             - ReadinessCheckCallback readiness check result: success.
2024-05-28 00:32:04,355 INFO  main                             - Readiness check result: success
2024-05-28 00:32:04,542 INFO  RMI TCP Connection(3)-26.113.100.101 - Begin SOFABoot HealthChecker liveness check.
2024-05-28 00:32:04,542 INFO  RMI TCP Connection(3)-26.113.100.101 - HealthChecker[sofaComponentHealthChecker] liveness check success with 0 retry.
2024-05-28 00:32:04,542 INFO  RMI TCP Connection(3)-26.113.100.101 - SOFABoot HealthChecker liveness check result: success.
2024-05-28 00:34:26,273 INFO  main                             - Found 1 HealthChecker implementation:sofaComponentHealthChecker
2024-05-28 00:34:26,275 INFO  main                             - Found 3 HealthIndicator implementation:sofaBootHealthIndicator,sofaComponentHealthIndicator,diskSpaceHealthIndicator
2024-05-28 00:34:26,275 INFO  main                             - Found 1 ReadinessCheckCallback implementation: rpcAfterHealthCheckCallback
2024-05-28 00:34:26,275 INFO  main                             - Begin SOFABoot HealthChecker readiness check.
2024-05-28 00:34:26,277 INFO  main                             - HealthChecker[sofaComponentHealthChecker] readiness check success with 0 retry.
2024-05-28 00:34:26,277 INFO  main                             - SOFABoot HealthChecker readiness check result: success.
2024-05-28 00:34:26,277 INFO  main                             - Begin SOFABoot HealthIndicator readiness check.
2024-05-28 00:34:26,281 INFO  main                             - HealthIndicator[diskSpaceHealthIndicator] readiness check success.
2024-05-28 00:34:26,281 INFO  main                             - SOFABoot HealthIndicator readiness check result: success.
2024-05-28 00:34:26,281 INFO  main                             - Begin ReadinessCheckCallback readiness check
2024-05-28 00:34:31,831 INFO  main                             - SOFABoot ReadinessCheckCallback[rpcAfterHealthCheckCallback] check success.
2024-05-28 00:34:31,831 INFO  main                             - ReadinessCheckCallback readiness check result: success.
2024-05-28 00:34:31,831 INFO  main                             - Readiness check result: success
2024-05-28 00:34:32,066 INFO  RMI TCP Connection(2)-26.113.100.101 - Begin SOFABoot HealthChecker liveness check.
2024-05-28 00:34:32,066 INFO  RMI TCP Connection(2)-26.113.100.101 - HealthChecker[sofaComponentHealthChecker] liveness check success with 0 retry.
2024-05-28 00:34:32,066 INFO  RMI TCP Connection(2)-26.113.100.101 - SOFABoot HealthChecker liveness check result: success.
2024-05-28 00:35:59,043 INFO  main                             - Found 1 HealthChecker implementation:sofaComponentHealthChecker
2024-05-28 00:35:59,044 INFO  main                             - Found 3 HealthIndicator implementation:sofaBootHealthIndicator,sofaComponentHealthIndicator,diskSpaceHealthIndicator
2024-05-28 00:35:59,044 INFO  main                             - Found 1 ReadinessCheckCallback implementation: rpcAfterHealthCheckCallback
2024-05-28 00:35:59,044 INFO  main                             - Begin SOFABoot HealthChecker readiness check.
2024-05-28 00:35:59,045 INFO  main                             - HealthChecker[sofaComponentHealthChecker] readiness check success with 0 retry.
2024-05-28 00:35:59,045 INFO  main                             - SOFABoot HealthChecker readiness check result: success.
2024-05-28 00:35:59,045 INFO  main                             - Begin SOFABoot HealthIndicator readiness check.
2024-05-28 00:35:59,048 INFO  main                             - HealthIndicator[diskSpaceHealthIndicator] readiness check success.
2024-05-28 00:35:59,048 INFO  main                             - SOFABoot HealthIndicator readiness check result: success.
2024-05-28 00:35:59,048 INFO  main                             - Begin ReadinessCheckCallback readiness check
2024-05-28 00:36:05,785 INFO  main                             - SOFABoot ReadinessCheckCallback[rpcAfterHealthCheckCallback] check success.
2024-05-28 00:36:05,785 INFO  main                             - ReadinessCheckCallback readiness check result: success.
2024-05-28 00:36:05,785 INFO  main                             - Readiness check result: success
2024-05-28 00:36:07,545 INFO  RMI TCP Connection(3)-26.113.100.101 - Begin SOFABoot HealthChecker liveness check.
2024-05-28 00:36:07,545 INFO  RMI TCP Connection(3)-26.113.100.101 - HealthChecker[sofaComponentHealthChecker] liveness check success with 0 retry.
2024-05-28 00:36:07,545 INFO  RMI TCP Connection(3)-26.113.100.101 - SOFABoot HealthChecker liveness check result: success.
2024-05-28 00:36:19,420 INFO  main                             - Found 1 HealthChecker implementation:sofaComponentHealthChecker
2024-05-28 00:36:19,421 INFO  main                             - Found 3 HealthIndicator implementation:sofaBootHealthIndicator,sofaComponentHealthIndicator,diskSpaceHealthIndicator
2024-05-28 00:36:19,421 INFO  main                             - Found 1 ReadinessCheckCallback implementation: rpcAfterHealthCheckCallback
2024-05-28 00:36:19,421 INFO  main                             - Begin SOFABoot HealthChecker readiness check.
2024-05-28 00:36:19,423 INFO  main                             - HealthChecker[sofaComponentHealthChecker] readiness check fail with 0 retry.
2024-05-28 00:36:20,432 INFO  main                             - HealthChecker[sofaComponentHealthChecker] readiness check fail with 1 retry.
2024-05-28 00:36:21,444 INFO  main                             - HealthChecker[sofaComponentHealthChecker] readiness check fail with 2 retry.
2024-05-28 00:36:22,447 INFO  main                             - HealthChecker[sofaComponentHealthChecker] readiness check fail with 3 retry.
2024-05-28 00:36:23,448 INFO  main                             - HealthChecker[sofaComponentHealthChecker] readiness check fail with 4 retry.
2024-05-28 00:36:24,462 INFO  main                             - HealthChecker[sofaComponentHealthChecker] readiness check fail with 5 retry.
2024-05-28 00:36:25,477 INFO  main                             - HealthChecker[sofaComponentHealthChecker] readiness check fail with 6 retry.
2024-05-28 00:36:26,489 INFO  main                             - HealthChecker[sofaComponentHealthChecker] readiness check fail with 7 retry.
2024-05-28 00:36:27,504 INFO  main                             - HealthChecker[sofaComponentHealthChecker] readiness check fail with 8 retry.
2024-05-28 00:36:28,517 INFO  main                             - HealthChecker[sofaComponentHealthChecker] readiness check fail with 9 retry.
2024-05-28 00:36:29,520 INFO  main                             - HealthChecker[sofaComponentHealthChecker] readiness check fail with 10 retry.
2024-05-28 00:36:30,522 INFO  main                             - HealthChecker[sofaComponentHealthChecker] readiness check fail with 11 retry.
2024-05-28 00:36:31,538 INFO  main                             - HealthChecker[sofaComponentHealthChecker] readiness check fail with 12 retry.
2024-05-28 00:36:32,538 INFO  main                             - HealthChecker[sofaComponentHealthChecker] readiness check fail with 13 retry.
2024-05-28 00:36:33,549 INFO  main                             - HealthChecker[sofaComponentHealthChecker] readiness check fail with 14 retry.
2024-05-28 00:36:34,552 INFO  main                             - HealthChecker[sofaComponentHealthChecker] readiness check fail with 15 retry.
2024-05-28 00:36:35,564 INFO  main                             - HealthChecker[sofaComponentHealthChecker] readiness check fail with 16 retry.
2024-05-28 00:36:36,574 INFO  main                             - HealthChecker[sofaComponentHealthChecker] readiness check fail with 17 retry.
2024-05-28 00:36:37,587 INFO  main                             - HealthChecker[sofaComponentHealthChecker] readiness check fail with 18 retry.
2024-05-28 00:36:38,600 INFO  main                             - HealthChecker[sofaComponentHealthChecker] readiness check fail with 19 retry.
2024-05-28 00:36:39,623 ERROR main                             - HealthChecker[sofaComponentHealthChecker] readiness check fail with 20 retry; fail details:{"reference:com.alipay.sofa.rpc.samples.annotation.AnnotationService:#507104612":"passed","reference:com.alipay.sofa.rpc.samples.annotation.AnnotationService:AnnotationServiceImpl#414599042":"jvm#can not find corresponding jvm service"}; strict mode:true
2024-05-28 00:36:39,623 ERROR main                             - SOFABoot HealthChecker readiness check result: failed.
2024-05-28 00:36:39,624 INFO  main                             - Begin SOFABoot HealthIndicator readiness check.
2024-05-28 00:36:39,628 INFO  main                             - HealthIndicator[diskSpaceHealthIndicator] readiness check success.
2024-05-28 00:36:39,628 INFO  main                             - SOFABoot HealthIndicator readiness check result: success.
2024-05-28 00:36:39,628 INFO  main                             - Begin ReadinessCheckCallback readiness check
2024-05-28 00:36:39,632 INFO  main                             - SOFABoot ReadinessCheckCallback[rpcAfterHealthCheckCallback] check success.
2024-05-28 00:36:39,632 INFO  main                             - ReadinessCheckCallback readiness check result: success.
2024-05-28 00:36:39,632 ERROR main                             - Readiness check result: fail
2024-05-28 00:36:40,645 INFO  RMI TCP Connection(4)-26.113.100.101 - Begin SOFABoot HealthChecker liveness check.
2024-05-28 00:36:40,645 INFO  RMI TCP Connection(4)-26.113.100.101 - HealthChecker[sofaComponentHealthChecker] liveness check fail with 0 retry.
2024-05-28 00:36:40,645 ERROR RMI TCP Connection(4)-26.113.100.101 - HealthChecker[sofaComponentHealthChecker] liveness check fail with 0 retry; fail details:{"reference:com.alipay.sofa.rpc.samples.annotation.AnnotationService:#507104612":"passed","reference:com.alipay.sofa.rpc.samples.annotation.AnnotationService:AnnotationServiceImpl#414599042":"jvm#can not find corresponding jvm service"}; strict mode:true
2024-05-28 00:36:40,655 ERROR RMI TCP Connection(4)-26.113.100.101 - SOFABoot HealthChecker liveness check result: failed.
2024-05-28 00:38:22,591 INFO  main                             - Found 1 HealthChecker implementation:sofaComponentHealthChecker
2024-05-28 00:38:22,592 INFO  main                             - Found 3 HealthIndicator implementation:sofaBootHealthIndicator,sofaComponentHealthIndicator,diskSpaceHealthIndicator
2024-05-28 00:38:22,592 INFO  main                             - Found 1 ReadinessCheckCallback implementation: rpcAfterHealthCheckCallback
2024-05-28 00:38:22,592 INFO  main                             - Begin SOFABoot HealthChecker readiness check.
2024-05-28 00:38:22,593 INFO  main                             - HealthChecker[sofaComponentHealthChecker] readiness check success with 0 retry.
2024-05-28 00:38:22,593 INFO  main                             - SOFABoot HealthChecker readiness check result: success.
2024-05-28 00:38:22,594 INFO  main                             - Begin SOFABoot HealthIndicator readiness check.
2024-05-28 00:38:22,597 INFO  main                             - HealthIndicator[diskSpaceHealthIndicator] readiness check success.
2024-05-28 00:38:22,597 INFO  main                             - SOFABoot HealthIndicator readiness check result: success.
2024-05-28 00:38:22,597 INFO  main                             - Begin ReadinessCheckCallback readiness check
2024-05-28 00:38:29,380 INFO  main                             - SOFABoot ReadinessCheckCallback[rpcAfterHealthCheckCallback] check success.
2024-05-28 00:38:29,380 INFO  main                             - ReadinessCheckCallback readiness check result: success.
2024-05-28 00:38:29,380 INFO  main                             - Readiness check result: success
2024-05-28 00:38:30,498 INFO  RMI TCP Connection(4)-26.113.100.101 - Begin SOFABoot HealthChecker liveness check.
2024-05-28 00:38:30,498 INFO  RMI TCP Connection(4)-26.113.100.101 - HealthChecker[sofaComponentHealthChecker] liveness check success with 0 retry.
2024-05-28 00:38:30,499 INFO  RMI TCP Connection(4)-26.113.100.101 - SOFABoot HealthChecker liveness check result: success.
2024-05-28 00:39:18,391 INFO  main                             - Found 1 HealthChecker implementation:sofaComponentHealthChecker
2024-05-28 00:39:18,392 INFO  main                             - Found 3 HealthIndicator implementation:sofaBootHealthIndicator,sofaComponentHealthIndicator,diskSpaceHealthIndicator
2024-05-28 00:39:18,392 INFO  main                             - Found 1 ReadinessCheckCallback implementation: rpcAfterHealthCheckCallback
2024-05-28 00:39:18,392 INFO  main                             - Begin SOFABoot HealthChecker readiness check.
2024-05-28 00:39:18,394 INFO  main                             - HealthChecker[sofaComponentHealthChecker] readiness check success with 0 retry.
2024-05-28 00:39:18,394 INFO  main                             - SOFABoot HealthChecker readiness check result: success.
2024-05-28 00:39:18,394 INFO  main                             - Begin SOFABoot HealthIndicator readiness check.
2024-05-28 00:39:18,397 INFO  main                             - HealthIndicator[diskSpaceHealthIndicator] readiness check success.
2024-05-28 00:39:18,397 INFO  main                             - SOFABoot HealthIndicator readiness check result: success.
2024-05-28 00:39:18,397 INFO  main                             - Begin ReadinessCheckCallback readiness check
2024-05-28 00:39:18,401 INFO  main                             - SOFABoot ReadinessCheckCallback[rpcAfterHealthCheckCallback] check success.
2024-05-28 00:39:18,401 INFO  main                             - ReadinessCheckCallback readiness check result: success.
2024-05-28 00:39:18,401 INFO  main                             - Readiness check result: success
2024-05-28 00:39:20,011 INFO  RMI TCP Connection(5)-26.113.100.101 - Begin SOFABoot HealthChecker liveness check.
2024-05-28 00:39:20,011 INFO  RMI TCP Connection(5)-26.113.100.101 - HealthChecker[sofaComponentHealthChecker] liveness check success with 0 retry.
2024-05-28 00:39:20,011 INFO  RMI TCP Connection(5)-26.113.100.101 - SOFABoot HealthChecker liveness check result: success.
2024-05-28 00:40:04,426 INFO  main                             - Found 1 HealthChecker implementation:sofaComponentHealthChecker
2024-05-28 00:40:04,427 INFO  main                             - Found 3 HealthIndicator implementation:sofaBootHealthIndicator,sofaComponentHealthIndicator,diskSpaceHealthIndicator
2024-05-28 00:40:04,427 INFO  main                             - Found 1 ReadinessCheckCallback implementation: rpcAfterHealthCheckCallback
2024-05-28 00:40:04,427 INFO  main                             - Begin SOFABoot HealthChecker readiness check.
2024-05-28 00:40:04,428 INFO  main                             - HealthChecker[sofaComponentHealthChecker] readiness check success with 0 retry.
2024-05-28 00:40:04,428 INFO  main                             - SOFABoot HealthChecker readiness check result: success.
2024-05-28 00:40:04,428 INFO  main                             - Begin SOFABoot HealthIndicator readiness check.
2024-05-28 00:40:04,431 INFO  main                             - HealthIndicator[diskSpaceHealthIndicator] readiness check success.
2024-05-28 00:40:04,431 INFO  main                             - SOFABoot HealthIndicator readiness check result: success.
2024-05-28 00:40:04,431 INFO  main                             - Begin ReadinessCheckCallback readiness check
2024-05-28 00:40:10,984 INFO  main                             - SOFABoot ReadinessCheckCallback[rpcAfterHealthCheckCallback] check success.
2024-05-28 00:40:10,984 INFO  main                             - ReadinessCheckCallback readiness check result: success.
2024-05-28 00:40:10,984 INFO  main                             - Readiness check result: success
2024-05-28 00:40:12,541 INFO  RMI TCP Connection(3)-26.113.100.101 - Begin SOFABoot HealthChecker liveness check.
2024-05-28 00:40:12,542 INFO  RMI TCP Connection(3)-26.113.100.101 - HealthChecker[sofaComponentHealthChecker] liveness check success with 0 retry.
2024-05-28 00:40:12,542 INFO  RMI TCP Connection(3)-26.113.100.101 - SOFABoot HealthChecker liveness check result: success.
2024-05-28 00:40:46,895 INFO  main                             - Found 1 HealthChecker implementation:sofaComponentHealthChecker
2024-05-28 00:40:46,896 INFO  main                             - Found 3 HealthIndicator implementation:sofaBootHealthIndicator,sofaComponentHealthIndicator,diskSpaceHealthIndicator
2024-05-28 00:40:46,897 INFO  main                             - Found 1 ReadinessCheckCallback implementation: rpcAfterHealthCheckCallback
2024-05-28 00:40:46,897 INFO  main                             - Begin SOFABoot HealthChecker readiness check.
2024-05-28 00:40:46,898 INFO  main                             - HealthChecker[sofaComponentHealthChecker] readiness check success with 0 retry.
2024-05-28 00:40:46,898 INFO  main                             - SOFABoot HealthChecker readiness check result: success.
2024-05-28 00:40:46,898 INFO  main                             - Begin SOFABoot HealthIndicator readiness check.
2024-05-28 00:40:46,901 INFO  main                             - HealthIndicator[diskSpaceHealthIndicator] readiness check success.
2024-05-28 00:40:46,901 INFO  main                             - SOFABoot HealthIndicator readiness check result: success.
2024-05-28 00:40:46,901 INFO  main                             - Begin ReadinessCheckCallback readiness check
2024-05-28 00:40:53,579 INFO  main                             - SOFABoot ReadinessCheckCallback[rpcAfterHealthCheckCallback] check success.
2024-05-28 00:40:53,579 INFO  main                             - ReadinessCheckCallback readiness check result: success.
2024-05-28 00:40:53,579 INFO  main                             - Readiness check result: success
2024-05-28 00:40:54,996 INFO  RMI TCP Connection(3)-26.113.100.101 - Begin SOFABoot HealthChecker liveness check.
2024-05-28 00:40:54,997 INFO  RMI TCP Connection(3)-26.113.100.101 - HealthChecker[sofaComponentHealthChecker] liveness check success with 0 retry.
2024-05-28 00:40:54,997 INFO  RMI TCP Connection(3)-26.113.100.101 - SOFABoot HealthChecker liveness check result: success.
2024-05-28 00:41:12,139 INFO  main                             - Found 1 HealthChecker implementation:sofaComponentHealthChecker
2024-05-28 00:41:12,140 INFO  main                             - Found 3 HealthIndicator implementation:sofaBootHealthIndicator,sofaComponentHealthIndicator,diskSpaceHealthIndicator
2024-05-28 00:41:12,140 INFO  main                             - Found 1 ReadinessCheckCallback implementation: rpcAfterHealthCheckCallback
2024-05-28 00:41:12,140 INFO  main                             - Begin SOFABoot HealthChecker readiness check.
2024-05-28 00:41:12,142 INFO  main                             - HealthChecker[sofaComponentHealthChecker] readiness check success with 0 retry.
2024-05-28 00:41:12,142 INFO  main                             - SOFABoot HealthChecker readiness check result: success.
2024-05-28 00:41:12,142 INFO  main                             - Begin SOFABoot HealthIndicator readiness check.
2024-05-28 00:41:12,145 INFO  main                             - HealthIndicator[diskSpaceHealthIndicator] readiness check success.
2024-05-28 00:41:12,145 INFO  main                             - SOFABoot HealthIndicator readiness check result: success.
2024-05-28 00:41:12,145 INFO  main                             - Begin ReadinessCheckCallback readiness check
2024-05-28 00:41:12,149 INFO  main                             - SOFABoot ReadinessCheckCallback[rpcAfterHealthCheckCallback] check success.
2024-05-28 00:41:12,149 INFO  main                             - ReadinessCheckCallback readiness check result: success.
2024-05-28 00:41:12,149 INFO  main                             - Readiness check result: success
2024-05-28 00:41:13,859 INFO  RMI TCP Connection(3)-26.113.100.101 - Begin SOFABoot HealthChecker liveness check.
2024-05-28 00:41:13,859 INFO  RMI TCP Connection(3)-26.113.100.101 - HealthChecker[sofaComponentHealthChecker] liveness check success with 0 retry.
2024-05-28 00:41:13,860 INFO  RMI TCP Connection(3)-26.113.100.101 - SOFABoot HealthChecker liveness check result: success.
