2024-05-28 00:32:41,258 ERROR main                             - Failed to create the component reference:com.alipay.sofa.rpc.samples.annotation.AnnotationService:#967215772
com.alipay.sofa.runtime.api.ServiceRuntimeException: RPC-02103: 订阅元数据失败 
	at com.alipay.sofa.rpc.boot.runtime.adapter.RpcBindingAdapter.inBinding(RpcBindingAdapter.java:176)
	at com.alipay.sofa.rpc.boot.runtime.adapter.RpcBindingAdapter.inBinding(RpcBindingAdapter.java:42)
	at com.alipay.sofa.runtime.service.component.ReferenceComponent.createProxy(ReferenceComponent.java:233)
	at com.alipay.sofa.runtime.service.component.ReferenceComponent.activate(ReferenceComponent.java:159)
	at com.alipay.sofa.runtime.component.impl.ComponentManagerImpl.doRegister(ComponentManagerImpl.java:160)
	at com.alipay.sofa.runtime.component.impl.ComponentManagerImpl.registerAndGet(ComponentManagerImpl.java:120)
	at com.alipay.sofa.runtime.service.helper.ReferenceRegisterHelper.registerReference(ReferenceRegisterHelper.java:59)
	at com.alipay.sofa.runtime.spring.ReferenceAnnotationBeanPostProcessor.createReferenceProxy(ReferenceAnnotationBeanPostProcessor.java:173)
	at com.alipay.sofa.runtime.spring.ReferenceAnnotationBeanPostProcessor.access$100(ReferenceAnnotationBeanPostProcessor.java:53)
	at com.alipay.sofa.runtime.spring.ReferenceAnnotationBeanPostProcessor$1.doWith(ReferenceAnnotationBeanPostProcessor.java:108)
	at org.springframework.util.ReflectionUtils.doWithFields(ReflectionUtils.java:750)
	at com.alipay.sofa.runtime.spring.ReferenceAnnotationBeanPostProcessor.processSofaReference(ReferenceAnnotationBeanPostProcessor.java:90)
	at com.alipay.sofa.runtime.spring.ReferenceAnnotationBeanPostProcessor.postProcessBeforeInitialization(ReferenceAnnotationBeanPostProcessor.java:83)
	at org.springframework.beans.factory.support.AbstractAutowireCapableBeanFactory.applyBeanPostProcessorsBeforeInitialization(AbstractAutowireCapableBeanFactory.java:419)
	at org.springframework.beans.factory.support.AbstractAutowireCapableBeanFactory.initializeBean(AbstractAutowireCapableBeanFactory.java:1737)
	at org.springframework.beans.factory.support.AbstractAutowireCapableBeanFactory.doCreateBean(AbstractAutowireCapableBeanFactory.java:576)
	at org.springframework.beans.factory.support.AbstractAutowireCapableBeanFactory.createBean(AbstractAutowireCapableBeanFactory.java:498)
	at org.springframework.beans.factory.support.AbstractBeanFactory.lambda$doGetBean$0(AbstractBeanFactory.java:320)
	at org.springframework.beans.factory.support.DefaultSingletonBeanRegistry.getSingleton(DefaultSingletonBeanRegistry.java:222)
	at org.springframework.beans.factory.support.AbstractBeanFactory.doGetBean(AbstractBeanFactory.java:318)
	at org.springframework.beans.factory.support.AbstractBeanFactory.getBean(AbstractBeanFactory.java:199)
	at org.springframework.beans.factory.support.DefaultListableBeanFactory.preInstantiateSingletons(DefaultListableBeanFactory.java:846)
	at org.springframework.context.support.AbstractApplicationContext.finishBeanFactoryInitialization(AbstractApplicationContext.java:863)
	at org.springframework.context.support.AbstractApplicationContext.refresh(AbstractApplicationContext.java:546)
	at org.springframework.boot.web.servlet.context.ServletWebServerApplicationContext.refresh(ServletWebServerApplicationContext.java:140)
	at org.springframework.boot.SpringApplication.refresh(SpringApplication.java:775)
	at org.springframework.boot.SpringApplication.refreshContext(SpringApplication.java:397)
	at org.springframework.boot.SpringApplication.run(SpringApplication.java:316)
	at com.alipay.sofa.rpc.samples.annotation.AnotationClientApplication.main(AnotationClientApplication.java:33)
Caused by: com.alipay.sofa.rpc.core.exception.SofaRpcRuntimeException: 
	at com.alipay.sofa.rpc.proxy.javassist.JavassistProxy.getProxy(JavassistProxy.java:130)
	at com.alipay.sofa.rpc.proxy.ProxyFactory.buildProxy(ProxyFactory.java:51)
	at com.alipay.sofa.rpc.bootstrap.DefaultConsumerBootstrap.refer(DefaultConsumerBootstrap.java:159)
	at com.alipay.sofa.rpc.config.ConsumerConfig.refer(ConsumerConfig.java:925)
	at com.alipay.sofa.rpc.boot.runtime.adapter.RpcBindingAdapter.inBinding(RpcBindingAdapter.java:172)
	... 28 common frames omitted
Caused by: java.lang.reflect.InaccessibleObjectException: Unable to make protected final java.lang.Class java.lang.ClassLoader.defineClass(java.lang.String,byte[],int,int) throws java.lang.ClassFormatError accessible: module java.base does not "opens java.lang" to unnamed module @3a52dba3
	at java.base/java.lang.reflect.AccessibleObject.throwInaccessibleObjectException(AccessibleObject.java:391)
	at java.base/java.lang.reflect.AccessibleObject.checkCanSetAccessible(AccessibleObject.java:367)
	at java.base/java.lang.reflect.AccessibleObject.checkCanSetAccessible(AccessibleObject.java:315)
	at java.base/java.lang.reflect.Method.checkCanSetAccessible(Method.java:203)
	at java.base/java.lang.reflect.Method.setAccessible(Method.java:197)
	at javassist.ClassPool.toClass2(ClassPool.java:1131)
	at javassist.ClassPool.toClass(ClassPool.java:1114)
	at javassist.ClassPool.toClass(ClassPool.java:1063)
	at javassist.ClassPool.toClass(ClassPool.java:1021)
	at javassist.CtClass.toClass(CtClass.java:1259)
	at com.alipay.sofa.rpc.proxy.javassist.JavassistProxy.getProxy(JavassistProxy.java:119)
	... 32 common frames omitted
2024-05-28 00:34:44,340 ERROR main                             - Failed to create the component reference:com.alipay.sofa.rpc.samples.annotation.AnnotationService:#1396158676
com.alipay.sofa.runtime.api.ServiceRuntimeException: RPC-02103: 订阅元数据失败 
	at com.alipay.sofa.rpc.boot.runtime.adapter.RpcBindingAdapter.inBinding(RpcBindingAdapter.java:176)
	at com.alipay.sofa.rpc.boot.runtime.adapter.RpcBindingAdapter.inBinding(RpcBindingAdapter.java:42)
	at com.alipay.sofa.runtime.service.component.ReferenceComponent.createProxy(ReferenceComponent.java:233)
	at com.alipay.sofa.runtime.service.component.ReferenceComponent.activate(ReferenceComponent.java:159)
	at com.alipay.sofa.runtime.component.impl.ComponentManagerImpl.doRegister(ComponentManagerImpl.java:160)
	at com.alipay.sofa.runtime.component.impl.ComponentManagerImpl.registerAndGet(ComponentManagerImpl.java:120)
	at com.alipay.sofa.runtime.service.helper.ReferenceRegisterHelper.registerReference(ReferenceRegisterHelper.java:59)
	at com.alipay.sofa.runtime.spring.ReferenceAnnotationBeanPostProcessor.createReferenceProxy(ReferenceAnnotationBeanPostProcessor.java:173)
	at com.alipay.sofa.runtime.spring.ReferenceAnnotationBeanPostProcessor.access$100(ReferenceAnnotationBeanPostProcessor.java:53)
	at com.alipay.sofa.runtime.spring.ReferenceAnnotationBeanPostProcessor$1.doWith(ReferenceAnnotationBeanPostProcessor.java:108)
	at org.springframework.util.ReflectionUtils.doWithFields(ReflectionUtils.java:750)
	at com.alipay.sofa.runtime.spring.ReferenceAnnotationBeanPostProcessor.processSofaReference(ReferenceAnnotationBeanPostProcessor.java:90)
	at com.alipay.sofa.runtime.spring.ReferenceAnnotationBeanPostProcessor.postProcessBeforeInitialization(ReferenceAnnotationBeanPostProcessor.java:83)
	at org.springframework.beans.factory.support.AbstractAutowireCapableBeanFactory.applyBeanPostProcessorsBeforeInitialization(AbstractAutowireCapableBeanFactory.java:419)
	at org.springframework.beans.factory.support.AbstractAutowireCapableBeanFactory.initializeBean(AbstractAutowireCapableBeanFactory.java:1737)
	at org.springframework.beans.factory.support.AbstractAutowireCapableBeanFactory.doCreateBean(AbstractAutowireCapableBeanFactory.java:576)
	at org.springframework.beans.factory.support.AbstractAutowireCapableBeanFactory.createBean(AbstractAutowireCapableBeanFactory.java:498)
	at org.springframework.beans.factory.support.AbstractBeanFactory.lambda$doGetBean$0(AbstractBeanFactory.java:320)
	at org.springframework.beans.factory.support.DefaultSingletonBeanRegistry.getSingleton(DefaultSingletonBeanRegistry.java:222)
	at org.springframework.beans.factory.support.AbstractBeanFactory.doGetBean(AbstractBeanFactory.java:318)
	at org.springframework.beans.factory.support.AbstractBeanFactory.getBean(AbstractBeanFactory.java:199)
	at org.springframework.beans.factory.support.DefaultListableBeanFactory.preInstantiateSingletons(DefaultListableBeanFactory.java:846)
	at org.springframework.context.support.AbstractApplicationContext.finishBeanFactoryInitialization(AbstractApplicationContext.java:863)
	at org.springframework.context.support.AbstractApplicationContext.refresh(AbstractApplicationContext.java:546)
	at org.springframework.boot.web.servlet.context.ServletWebServerApplicationContext.refresh(ServletWebServerApplicationContext.java:140)
	at org.springframework.boot.SpringApplication.refresh(SpringApplication.java:775)
	at org.springframework.boot.SpringApplication.refreshContext(SpringApplication.java:397)
	at org.springframework.boot.SpringApplication.run(SpringApplication.java:316)
	at com.alipay.sofa.rpc.samples.annotation.AnotationClientApplication.main(AnotationClientApplication.java:33)
Caused by: com.alipay.sofa.rpc.core.exception.SofaRpcRuntimeException: 
	at com.alipay.sofa.rpc.proxy.javassist.JavassistProxy.getProxy(JavassistProxy.java:130)
	at com.alipay.sofa.rpc.proxy.ProxyFactory.buildProxy(ProxyFactory.java:51)
	at com.alipay.sofa.rpc.bootstrap.DefaultConsumerBootstrap.refer(DefaultConsumerBootstrap.java:159)
	at com.alipay.sofa.rpc.config.ConsumerConfig.refer(ConsumerConfig.java:925)
	at com.alipay.sofa.rpc.boot.runtime.adapter.RpcBindingAdapter.inBinding(RpcBindingAdapter.java:172)
	... 28 common frames omitted
Caused by: java.lang.reflect.InaccessibleObjectException: Unable to make protected final java.lang.Class java.lang.ClassLoader.defineClass(java.lang.String,byte[],int,int) throws java.lang.ClassFormatError accessible: module java.base does not "opens java.lang" to unnamed module @24269709
	at java.base/java.lang.reflect.AccessibleObject.throwInaccessibleObjectException(AccessibleObject.java:391)
	at java.base/java.lang.reflect.AccessibleObject.checkCanSetAccessible(AccessibleObject.java:367)
	at java.base/java.lang.reflect.AccessibleObject.checkCanSetAccessible(AccessibleObject.java:315)
	at java.base/java.lang.reflect.Method.checkCanSetAccessible(Method.java:203)
	at java.base/java.lang.reflect.Method.setAccessible(Method.java:197)
	at javassist.ClassPool.toClass2(ClassPool.java:1131)
	at javassist.ClassPool.toClass(ClassPool.java:1114)
	at javassist.ClassPool.toClass(ClassPool.java:1063)
	at javassist.ClassPool.toClass(ClassPool.java:1021)
	at javassist.CtClass.toClass(CtClass.java:1259)
	at com.alipay.sofa.rpc.proxy.javassist.JavassistProxy.getProxy(JavassistProxy.java:119)
	... 32 common frames omitted
