2024-05-28 00:31:56,533 INFO  main                             - SOFABoot Runtime Starting!
2024-05-28 00:31:58,558 INFO  main                             - Registering component: service:com.alipay.sofa.rpc.samples.annotation.AnnotationService
2024-05-28 00:31:58,558 INFO  main                             -  <<PreOut Binding [bolt] Begins - com.alipay.sofa.rpc.samples.annotation.AnnotationService.
2024-05-28 00:31:58,664 INFO  main                             -  <<PreOut Binding [bolt] Ends - com.alipay.sofa.rpc.samples.annotation.AnnotationService.
2024-05-28 00:31:58,664 INFO  main                             -  <<Out Binding [bolt] Begins - com.alipay.sofa.rpc.samples.annotation.AnnotationService.
2024-05-28 00:31:58,686 INFO  main                             -  <<Out Binding [bolt] Ends - com.alipay.sofa.rpc.samples.annotation.AnnotationService.
2024-05-28 00:31:58,686 INFO  main                             - Register Service - com.alipay.sofa.rpc.samples.annotation.AnnotationService
2024-05-28 00:32:33,919 INFO  main                             - SOFABoot Runtime Starting!
2024-05-28 00:32:35,549 INFO  main                             - Registering component: reference:com.alipay.sofa.rpc.samples.annotation.AnnotationService:#967215772
2024-05-28 00:32:35,549 INFO  main                             -  >>In Binding [bolt] Begins - com.alipay.sofa.rpc.samples.annotation.AnnotationService.
2024-05-28 00:32:41,257 INFO  main                             -  >>In Binding [bolt] Ends - com.alipay.sofa.rpc.samples.annotation.AnnotationService.
2024-05-28 00:32:41,258 ERROR main                             - Failed to create the component reference:com.alipay.sofa.rpc.samples.annotation.AnnotationService:#967215772
com.alipay.sofa.runtime.api.ServiceRuntimeException: RPC-02103: 订阅元数据失败 
	at com.alipay.sofa.rpc.boot.runtime.adapter.RpcBindingAdapter.inBinding(RpcBindingAdapter.java:176)
	at com.alipay.sofa.rpc.boot.runtime.adapter.RpcBindingAdapter.inBinding(RpcBindingAdapter.java:42)
	at com.alipay.sofa.runtime.service.component.ReferenceComponent.createProxy(ReferenceComponent.java:233)
	at com.alipay.sofa.runtime.service.component.ReferenceComponent.activate(ReferenceComponent.java:159)
	at com.alipay.sofa.runtime.component.impl.ComponentManagerImpl.doRegister(ComponentManagerImpl.java:160)
	at com.alipay.sofa.runtime.component.impl.ComponentManagerImpl.registerAndGet(ComponentManagerImpl.java:120)
	at com.alipay.sofa.runtime.service.helper.ReferenceRegisterHelper.registerReference(ReferenceRegisterHelper.java:59)
	at com.alipay.sofa.runtime.spring.ReferenceAnnotationBeanPostProcessor.createReferenceProxy(ReferenceAnnotationBeanPostProcessor.java:173)
	at com.alipay.sofa.runtime.spring.ReferenceAnnotationBeanPostProcessor.access$100(ReferenceAnnotationBeanPostProcessor.java:53)
	at com.alipay.sofa.runtime.spring.ReferenceAnnotationBeanPostProcessor$1.doWith(ReferenceAnnotationBeanPostProcessor.java:108)
	at org.springframework.util.ReflectionUtils.doWithFields(ReflectionUtils.java:750)
	at com.alipay.sofa.runtime.spring.ReferenceAnnotationBeanPostProcessor.processSofaReference(ReferenceAnnotationBeanPostProcessor.java:90)
	at com.alipay.sofa.runtime.spring.ReferenceAnnotationBeanPostProcessor.postProcessBeforeInitialization(ReferenceAnnotationBeanPostProcessor.java:83)
	at org.springframework.beans.factory.support.AbstractAutowireCapableBeanFactory.applyBeanPostProcessorsBeforeInitialization(AbstractAutowireCapableBeanFactory.java:419)
	at org.springframework.beans.factory.support.AbstractAutowireCapableBeanFactory.initializeBean(AbstractAutowireCapableBeanFactory.java:1737)
	at org.springframework.beans.factory.support.AbstractAutowireCapableBeanFactory.doCreateBean(AbstractAutowireCapableBeanFactory.java:576)
	at org.springframework.beans.factory.support.AbstractAutowireCapableBeanFactory.createBean(AbstractAutowireCapableBeanFactory.java:498)
	at org.springframework.beans.factory.support.AbstractBeanFactory.lambda$doGetBean$0(AbstractBeanFactory.java:320)
	at org.springframework.beans.factory.support.DefaultSingletonBeanRegistry.getSingleton(DefaultSingletonBeanRegistry.java:222)
	at org.springframework.beans.factory.support.AbstractBeanFactory.doGetBean(AbstractBeanFactory.java:318)
	at org.springframework.beans.factory.support.AbstractBeanFactory.getBean(AbstractBeanFactory.java:199)
	at org.springframework.beans.factory.support.DefaultListableBeanFactory.preInstantiateSingletons(DefaultListableBeanFactory.java:846)
	at org.springframework.context.support.AbstractApplicationContext.finishBeanFactoryInitialization(AbstractApplicationContext.java:863)
	at org.springframework.context.support.AbstractApplicationContext.refresh(AbstractApplicationContext.java:546)
	at org.springframework.boot.web.servlet.context.ServletWebServerApplicationContext.refresh(ServletWebServerApplicationContext.java:140)
	at org.springframework.boot.SpringApplication.refresh(SpringApplication.java:775)
	at org.springframework.boot.SpringApplication.refreshContext(SpringApplication.java:397)
	at org.springframework.boot.SpringApplication.run(SpringApplication.java:316)
	at com.alipay.sofa.rpc.samples.annotation.AnotationClientApplication.main(AnotationClientApplication.java:33)
Caused by: com.alipay.sofa.rpc.core.exception.SofaRpcRuntimeException: 
	at com.alipay.sofa.rpc.proxy.javassist.JavassistProxy.getProxy(JavassistProxy.java:130)
	at com.alipay.sofa.rpc.proxy.ProxyFactory.buildProxy(ProxyFactory.java:51)
	at com.alipay.sofa.rpc.bootstrap.DefaultConsumerBootstrap.refer(DefaultConsumerBootstrap.java:159)
	at com.alipay.sofa.rpc.config.ConsumerConfig.refer(ConsumerConfig.java:925)
	at com.alipay.sofa.rpc.boot.runtime.adapter.RpcBindingAdapter.inBinding(RpcBindingAdapter.java:172)
	... 28 common frames omitted
Caused by: java.lang.reflect.InaccessibleObjectException: Unable to make protected final java.lang.Class java.lang.ClassLoader.defineClass(java.lang.String,byte[],int,int) throws java.lang.ClassFormatError accessible: module java.base does not "opens java.lang" to unnamed module @3a52dba3
	at java.base/java.lang.reflect.AccessibleObject.throwInaccessibleObjectException(AccessibleObject.java:391)
	at java.base/java.lang.reflect.AccessibleObject.checkCanSetAccessible(AccessibleObject.java:367)
	at java.base/java.lang.reflect.AccessibleObject.checkCanSetAccessible(AccessibleObject.java:315)
	at java.base/java.lang.reflect.Method.checkCanSetAccessible(Method.java:203)
	at java.base/java.lang.reflect.Method.setAccessible(Method.java:197)
	at javassist.ClassPool.toClass2(ClassPool.java:1131)
	at javassist.ClassPool.toClass(ClassPool.java:1114)
	at javassist.ClassPool.toClass(ClassPool.java:1063)
	at javassist.ClassPool.toClass(ClassPool.java:1021)
	at javassist.CtClass.toClass(CtClass.java:1259)
	at com.alipay.sofa.rpc.proxy.javassist.JavassistProxy.getProxy(JavassistProxy.java:119)
	... 32 common frames omitted
2024-05-28 00:34:18,417 INFO  main                             - SOFABoot Runtime Starting!
2024-05-28 00:34:19,981 INFO  main                             - Registering component: reference:com.alipay.sofa.rpc.samples.annotation.AnnotationService:#-582682976
2024-05-28 00:34:19,982 INFO  main                             -  >>In Binding [bolt] Begins - com.alipay.sofa.rpc.samples.annotation.AnnotationService.
2024-05-28 00:34:24,104 INFO  main                             - SOFABoot Runtime Starting!
2024-05-28 00:34:26,113 INFO  main                             - Registering component: service:com.alipay.sofa.rpc.samples.annotation.AnnotationService:AnnotationServiceImpl
2024-05-28 00:34:26,113 INFO  main                             -  <<PreOut Binding [bolt] Begins - com.alipay.sofa.rpc.samples.annotation.AnnotationService:AnnotationServiceImpl.
2024-05-28 00:34:26,224 INFO  main                             -  <<PreOut Binding [bolt] Ends - com.alipay.sofa.rpc.samples.annotation.AnnotationService:AnnotationServiceImpl.
2024-05-28 00:34:26,224 INFO  main                             -  <<Out Binding [bolt] Begins - com.alipay.sofa.rpc.samples.annotation.AnnotationService:AnnotationServiceImpl.
2024-05-28 00:34:26,247 INFO  main                             -  <<Out Binding [bolt] Ends - com.alipay.sofa.rpc.samples.annotation.AnnotationService:AnnotationServiceImpl.
2024-05-28 00:34:26,247 INFO  main                             - Register Service - com.alipay.sofa.rpc.samples.annotation.AnnotationService:AnnotationServiceImpl
2024-05-28 00:34:37,336 INFO  main                             - SOFABoot Runtime Starting!
2024-05-28 00:34:38,913 INFO  main                             - Registering component: reference:com.alipay.sofa.rpc.samples.annotation.AnnotationService:#1396158676
2024-05-28 00:34:38,913 INFO  main                             -  >>In Binding [bolt] Begins - com.alipay.sofa.rpc.samples.annotation.AnnotationService.
2024-05-28 00:34:44,339 INFO  main                             -  >>In Binding [bolt] Ends - com.alipay.sofa.rpc.samples.annotation.AnnotationService.
2024-05-28 00:34:44,340 ERROR main                             - Failed to create the component reference:com.alipay.sofa.rpc.samples.annotation.AnnotationService:#1396158676
com.alipay.sofa.runtime.api.ServiceRuntimeException: RPC-02103: 订阅元数据失败 
	at com.alipay.sofa.rpc.boot.runtime.adapter.RpcBindingAdapter.inBinding(RpcBindingAdapter.java:176)
	at com.alipay.sofa.rpc.boot.runtime.adapter.RpcBindingAdapter.inBinding(RpcBindingAdapter.java:42)
	at com.alipay.sofa.runtime.service.component.ReferenceComponent.createProxy(ReferenceComponent.java:233)
	at com.alipay.sofa.runtime.service.component.ReferenceComponent.activate(ReferenceComponent.java:159)
	at com.alipay.sofa.runtime.component.impl.ComponentManagerImpl.doRegister(ComponentManagerImpl.java:160)
	at com.alipay.sofa.runtime.component.impl.ComponentManagerImpl.registerAndGet(ComponentManagerImpl.java:120)
	at com.alipay.sofa.runtime.service.helper.ReferenceRegisterHelper.registerReference(ReferenceRegisterHelper.java:59)
	at com.alipay.sofa.runtime.spring.ReferenceAnnotationBeanPostProcessor.createReferenceProxy(ReferenceAnnotationBeanPostProcessor.java:173)
	at com.alipay.sofa.runtime.spring.ReferenceAnnotationBeanPostProcessor.access$100(ReferenceAnnotationBeanPostProcessor.java:53)
	at com.alipay.sofa.runtime.spring.ReferenceAnnotationBeanPostProcessor$1.doWith(ReferenceAnnotationBeanPostProcessor.java:108)
	at org.springframework.util.ReflectionUtils.doWithFields(ReflectionUtils.java:750)
	at com.alipay.sofa.runtime.spring.ReferenceAnnotationBeanPostProcessor.processSofaReference(ReferenceAnnotationBeanPostProcessor.java:90)
	at com.alipay.sofa.runtime.spring.ReferenceAnnotationBeanPostProcessor.postProcessBeforeInitialization(ReferenceAnnotationBeanPostProcessor.java:83)
	at org.springframework.beans.factory.support.AbstractAutowireCapableBeanFactory.applyBeanPostProcessorsBeforeInitialization(AbstractAutowireCapableBeanFactory.java:419)
	at org.springframework.beans.factory.support.AbstractAutowireCapableBeanFactory.initializeBean(AbstractAutowireCapableBeanFactory.java:1737)
	at org.springframework.beans.factory.support.AbstractAutowireCapableBeanFactory.doCreateBean(AbstractAutowireCapableBeanFactory.java:576)
	at org.springframework.beans.factory.support.AbstractAutowireCapableBeanFactory.createBean(AbstractAutowireCapableBeanFactory.java:498)
	at org.springframework.beans.factory.support.AbstractBeanFactory.lambda$doGetBean$0(AbstractBeanFactory.java:320)
	at org.springframework.beans.factory.support.DefaultSingletonBeanRegistry.getSingleton(DefaultSingletonBeanRegistry.java:222)
	at org.springframework.beans.factory.support.AbstractBeanFactory.doGetBean(AbstractBeanFactory.java:318)
	at org.springframework.beans.factory.support.AbstractBeanFactory.getBean(AbstractBeanFactory.java:199)
	at org.springframework.beans.factory.support.DefaultListableBeanFactory.preInstantiateSingletons(DefaultListableBeanFactory.java:846)
	at org.springframework.context.support.AbstractApplicationContext.finishBeanFactoryInitialization(AbstractApplicationContext.java:863)
	at org.springframework.context.support.AbstractApplicationContext.refresh(AbstractApplicationContext.java:546)
	at org.springframework.boot.web.servlet.context.ServletWebServerApplicationContext.refresh(ServletWebServerApplicationContext.java:140)
	at org.springframework.boot.SpringApplication.refresh(SpringApplication.java:775)
	at org.springframework.boot.SpringApplication.refreshContext(SpringApplication.java:397)
	at org.springframework.boot.SpringApplication.run(SpringApplication.java:316)
	at com.alipay.sofa.rpc.samples.annotation.AnotationClientApplication.main(AnotationClientApplication.java:33)
Caused by: com.alipay.sofa.rpc.core.exception.SofaRpcRuntimeException: 
	at com.alipay.sofa.rpc.proxy.javassist.JavassistProxy.getProxy(JavassistProxy.java:130)
	at com.alipay.sofa.rpc.proxy.ProxyFactory.buildProxy(ProxyFactory.java:51)
	at com.alipay.sofa.rpc.bootstrap.DefaultConsumerBootstrap.refer(DefaultConsumerBootstrap.java:159)
	at com.alipay.sofa.rpc.config.ConsumerConfig.refer(ConsumerConfig.java:925)
	at com.alipay.sofa.rpc.boot.runtime.adapter.RpcBindingAdapter.inBinding(RpcBindingAdapter.java:172)
	... 28 common frames omitted
Caused by: java.lang.reflect.InaccessibleObjectException: Unable to make protected final java.lang.Class java.lang.ClassLoader.defineClass(java.lang.String,byte[],int,int) throws java.lang.ClassFormatError accessible: module java.base does not "opens java.lang" to unnamed module @24269709
	at java.base/java.lang.reflect.AccessibleObject.throwInaccessibleObjectException(AccessibleObject.java:391)
	at java.base/java.lang.reflect.AccessibleObject.checkCanSetAccessible(AccessibleObject.java:367)
	at java.base/java.lang.reflect.AccessibleObject.checkCanSetAccessible(AccessibleObject.java:315)
	at java.base/java.lang.reflect.Method.checkCanSetAccessible(Method.java:203)
	at java.base/java.lang.reflect.Method.setAccessible(Method.java:197)
	at javassist.ClassPool.toClass2(ClassPool.java:1131)
	at javassist.ClassPool.toClass(ClassPool.java:1114)
	at javassist.ClassPool.toClass(ClassPool.java:1063)
	at javassist.ClassPool.toClass(ClassPool.java:1021)
	at javassist.CtClass.toClass(CtClass.java:1259)
	at com.alipay.sofa.rpc.proxy.javassist.JavassistProxy.getProxy(JavassistProxy.java:119)
	... 32 common frames omitted
2024-05-28 00:35:55,857 INFO  main                             - SOFABoot Runtime Starting!
2024-05-28 00:35:58,267 INFO  main                             - Registering component: service:com.alipay.sofa.rpc.samples.annotation.AnnotationService:AnnotationServiceImpl
2024-05-28 00:35:58,267 INFO  main                             -  <<PreOut Binding [bolt] Begins - com.alipay.sofa.rpc.samples.annotation.AnnotationService:AnnotationServiceImpl.
2024-05-28 00:35:59,010 INFO  main                             -  <<PreOut Binding [bolt] Ends - com.alipay.sofa.rpc.samples.annotation.AnnotationService:AnnotationServiceImpl.
2024-05-28 00:35:59,010 INFO  main                             -  <<Out Binding [bolt] Begins - com.alipay.sofa.rpc.samples.annotation.AnnotationService:AnnotationServiceImpl.
2024-05-28 00:35:59,026 INFO  main                             -  <<Out Binding [bolt] Ends - com.alipay.sofa.rpc.samples.annotation.AnnotationService:AnnotationServiceImpl.
2024-05-28 00:35:59,026 INFO  main                             - Register Service - com.alipay.sofa.rpc.samples.annotation.AnnotationService:AnnotationServiceImpl
2024-05-28 00:36:11,250 INFO  main                             - SOFABoot Runtime Starting!
2024-05-28 00:36:12,460 INFO  main                             - Registering component: reference:com.alipay.sofa.rpc.samples.annotation.AnnotationService:#507104612
2024-05-28 00:36:12,460 INFO  main                             -  >>In Binding [bolt] Begins - com.alipay.sofa.rpc.samples.annotation.AnnotationService.
2024-05-28 00:36:18,456 INFO  main                             -  >>In Binding [bolt] Ends - com.alipay.sofa.rpc.samples.annotation.AnnotationService.
2024-05-28 00:36:18,458 INFO  main                             - Registering component: reference:com.alipay.sofa.rpc.samples.annotation.AnnotationService:AnnotationServiceImpl#414599042
2024-05-28 00:36:18,458 INFO  main                             -  >>In Binding [jvm] Begins - com.alipay.sofa.rpc.samples.annotation.AnnotationService:AnnotationServiceImpl.
2024-05-28 00:36:18,459 INFO  main                             -  >>In Binding [jvm] Ends - com.alipay.sofa.rpc.samples.annotation.AnnotationService:AnnotationServiceImpl.
2024-05-28 00:38:19,438 INFO  main                             - SOFABoot Runtime Starting!
2024-05-28 00:38:21,786 INFO  main                             - Registering component: service:com.alipay.sofa.rpc.samples.annotation.AnnotationService:AnnotationServiceImpl
2024-05-28 00:38:21,786 INFO  main                             -  <<PreOut Binding [bolt] Begins - com.alipay.sofa.rpc.samples.annotation.AnnotationService:AnnotationServiceImpl.
2024-05-28 00:38:22,559 INFO  main                             -  <<PreOut Binding [bolt] Ends - com.alipay.sofa.rpc.samples.annotation.AnnotationService:AnnotationServiceImpl.
2024-05-28 00:38:22,559 INFO  main                             -  <<Out Binding [bolt] Begins - com.alipay.sofa.rpc.samples.annotation.AnnotationService:AnnotationServiceImpl.
2024-05-28 00:38:22,575 INFO  main                             -  <<Out Binding [bolt] Ends - com.alipay.sofa.rpc.samples.annotation.AnnotationService:AnnotationServiceImpl.
2024-05-28 00:38:22,575 INFO  main                             - Register Service - com.alipay.sofa.rpc.samples.annotation.AnnotationService:AnnotationServiceImpl
2024-05-28 00:39:09,731 INFO  main                             - SOFABoot Runtime Starting!
2024-05-28 00:39:11,024 INFO  main                             - Registering component: reference:com.alipay.sofa.rpc.samples.annotation.AnnotationService:#-2129237634
2024-05-28 00:39:11,024 INFO  main                             -  >>In Binding [bolt] Begins - com.alipay.sofa.rpc.samples.annotation.AnnotationService.
2024-05-28 00:39:17,303 INFO  main                             -  >>In Binding [bolt] Ends - com.alipay.sofa.rpc.samples.annotation.AnnotationService.
2024-05-28 00:39:17,304 INFO  main                             - Registering component: reference:com.alipay.sofa.rpc.samples.annotation.AnnotationService:annotationServiceImpl#-2129237634
2024-05-28 00:39:17,304 INFO  main                             -  >>In Binding [bolt] Begins - com.alipay.sofa.rpc.samples.annotation.AnnotationService:annotationServiceImpl.
2024-05-28 00:39:17,313 INFO  main                             -  >>In Binding [bolt] Ends - com.alipay.sofa.rpc.samples.annotation.AnnotationService:annotationServiceImpl.
2024-05-28 00:40:01,351 INFO  main                             - SOFABoot Runtime Starting!
2024-05-28 00:40:03,680 INFO  main                             - Registering component: service:com.alipay.sofa.rpc.samples.annotation.AnnotationService:AnnotationServiceImpl
2024-05-28 00:40:03,680 INFO  main                             -  <<PreOut Binding [bolt] Begins - com.alipay.sofa.rpc.samples.annotation.AnnotationService:AnnotationServiceImpl.
2024-05-28 00:40:04,394 INFO  main                             -  <<PreOut Binding [bolt] Ends - com.alipay.sofa.rpc.samples.annotation.AnnotationService:AnnotationServiceImpl.
2024-05-28 00:40:04,394 INFO  main                             -  <<Out Binding [bolt] Begins - com.alipay.sofa.rpc.samples.annotation.AnnotationService:AnnotationServiceImpl.
2024-05-28 00:40:04,409 INFO  main                             -  <<Out Binding [bolt] Ends - com.alipay.sofa.rpc.samples.annotation.AnnotationService:AnnotationServiceImpl.
2024-05-28 00:40:04,409 INFO  main                             - Register Service - com.alipay.sofa.rpc.samples.annotation.AnnotationService:AnnotationServiceImpl
2024-05-28 00:40:43,794 INFO  main                             - SOFABoot Runtime Starting!
2024-05-28 00:40:46,136 INFO  main                             - Registering component: service:com.alipay.sofa.rpc.samples.annotation.AnnotationService:AnnotationServiceImpl
2024-05-28 00:40:46,136 INFO  main                             -  <<PreOut Binding [bolt] Begins - com.alipay.sofa.rpc.samples.annotation.AnnotationService:AnnotationServiceImpl.
2024-05-28 00:40:46,861 INFO  main                             -  <<PreOut Binding [bolt] Ends - com.alipay.sofa.rpc.samples.annotation.AnnotationService:AnnotationServiceImpl.
2024-05-28 00:40:46,861 INFO  main                             -  <<Out Binding [bolt] Begins - com.alipay.sofa.rpc.samples.annotation.AnnotationService:AnnotationServiceImpl.
2024-05-28 00:40:46,879 INFO  main                             -  <<Out Binding [bolt] Ends - com.alipay.sofa.rpc.samples.annotation.AnnotationService:AnnotationServiceImpl.
2024-05-28 00:40:46,879 INFO  main                             - Register Service - com.alipay.sofa.rpc.samples.annotation.AnnotationService:AnnotationServiceImpl
2024-05-28 00:41:02,155 INFO  main                             - SOFABoot Runtime Starting!
2024-05-28 00:41:03,382 INFO  main                             - Registering component: reference:com.alipay.sofa.rpc.samples.annotation.AnnotationService:#-288367444
2024-05-28 00:41:03,382 INFO  main                             -  >>In Binding [bolt] Begins - com.alipay.sofa.rpc.samples.annotation.AnnotationService.
2024-05-28 00:41:09,651 INFO  main                             -  >>In Binding [bolt] Ends - com.alipay.sofa.rpc.samples.annotation.AnnotationService.
2024-05-28 00:41:09,652 INFO  main                             - Registering component: reference:com.alipay.sofa.rpc.samples.annotation.AnnotationService:AnnotationServiceImpl#-288367444
2024-05-28 00:41:09,652 INFO  main                             -  >>In Binding [bolt] Begins - com.alipay.sofa.rpc.samples.annotation.AnnotationService:AnnotationServiceImpl.
2024-05-28 00:41:11,204 INFO  main                             -  >>In Binding [bolt] Ends - com.alipay.sofa.rpc.samples.annotation.AnnotationService:AnnotationServiceImpl.
